Warning[205] F:\FIAP\4ECA\PCM\NAC02\NAC2_EX2\NAC2_EX2.ASM 27 : Found directive in column 1. (CBLOCK)
Warning[205] F:\FIAP\4ECA\PCM\NAC02\NAC2_EX2\NAC2_EX2.ASM 32 : Found directive in column 1. (ENDC)
Warning[205] F:\FIAP\4ECA\PCM\NAC02\NAC2_EX2\NAC2_EX2.ASM 40 : Found directive in column 1. (ORG)
Warning[203] F:\FIAP\4ECA\PCM\NAC02\NAC2_EX2\NAC2_EX2.ASM 41 : Found opcode in column 1. (GOTO)
Warning[207] F:\FIAP\4ECA\PCM\NAC02\NAC2_EX2\NAC2_EX2.ASM 67 : Found label after column 1. (TESTA_BAIXO)
Warning[207] F:\FIAP\4ECA\PCM\NAC02\NAC2_EX2\NAC2_EX2.ASM 72 : Found label after column 1. (CIMA_SEM_AGUA)
Warning[207] F:\FIAP\4ECA\PCM\NAC02\NAC2_EX2\NAC2_EX2.ASM 77 : Found label after column 1. (CIMA_COM_AGUA)
Warning[207] F:\FIAP\4ECA\PCM\NAC02\NAC2_EX2\NAC2_EX2.ASM 82 : Found label after column 1. (BAIXO_SEM_AGUA)
Warning[207] F:\FIAP\4ECA\PCM\NAC02\NAC2_EX2\NAC2_EX2.ASM 87 : Found label after column 1. (BAIXO_COM_AGUA)
Warning[207] F:\FIAP\4ECA\PCM\NAC02\NAC2_EX2\NAC2_EX2.ASM 92 : Found label after column 1. (VERIFICA_VALVULA)
Warning[207] F:\FIAP\4ECA\PCM\NAC02\NAC2_EX2\NAC2_EX2.ASM 99 : Found label after column 1. (LIGA_VALVULA)
Warning[207] F:\FIAP\4ECA\PCM\NAC02\NAC2_EX2\NAC2_EX2.ASM 104 : Found label after column 1. (DESLIGA_VALVULA)
Warning[207] F:\FIAP\4ECA\PCM\NAC02\NAC2_EX2\NAC2_EX2.ASM 109 : Found label after column 1. (TESTE_BOTOES)
Warning[207] F:\FIAP\4ECA\PCM\NAC02\NAC2_EX2\NAC2_EX2.ASM 112 : Found label after column 1. (PRIMEIRO_BOTAO)
Warning[207] F:\FIAP\4ECA\PCM\NAC02\NAC2_EX2\NAC2_EX2.ASM 118 : Found label after column 1. (PRENDE_BOTAO)
Warning[207] F:\FIAP\4ECA\PCM\NAC02\NAC2_EX2\NAC2_EX2.ASM 126 : Found label after column 1. (CIMA_VAZIO)
Warning[207] F:\FIAP\4ECA\PCM\NAC02\NAC2_EX2\NAC2_EX2.ASM 129 : Found label after column 1. (PROXIMO_BOTAO)
Warning[207] F:\FIAP\4ECA\PCM\NAC02\NAC2_EX2\NAC2_EX2.ASM 132 : Found label after column 1. (SEGUNDO_FILTRO_BOT)
Warning[207] F:\FIAP\4ECA\PCM\NAC02\NAC2_EX2\NAC2_EX2.ASM 138 : Found label after column 1. (PRENDE_BOTAO2)
Warning[207] F:\FIAP\4ECA\PCM\NAC02\NAC2_EX2\NAC2_EX2.ASM 146 : Found label after column 1. (BAIXO_VAZIO)
Warning[205] F:\FIAP\4ECA\PCM\NAC02\NAC2_EX2\NAC2_EX2.ASM 149 : Found directive in column 1. (END)
