MPASM  5.46                      NAC2_EX2.ASM   5-2-2022  20:34:01         PAGE  1


LOC  OBJECT CODE     LINE SOURCE TEXT
  VALUE

                      00001 ; 1. CABEÇALHO DE IDENTIFICAÇÃO
                      00002 
                      00003 ;FIAP
                      00004 ;PCM
                      00005 ;NAC 02 EX 2
                      00006 ;ALUNOS:
                      00007 ;IGOR TOMAZELLI NIETMANN - RM: 82808
                      00008 ;JAN PETER MERKEL                - RM: 81896
                      00009 
                      00010 ; 2. ARQUIVO DE DEFINIÇÃO DO MICROCONTROLADOR
                      00011 #INCLUDE <P18F452.INC>
                      00001         LIST
                      00002 
                      00003 ;==========================================================================
                      00004 ;  MPASM PIC18F452 processor include
                      00005 ; 
                      00006 ;  (c) Copyright 1999-2012 Microchip Technology, All rights reserved
                      00007 ;==========================================================================
                      00008 
                      01254         LIST
                      00012 
                      00013 ; 3. DEFINIÇÃO DE VARIÁVEIS
                      00014 #DEFINE BOTAO_CIMA PORTB, 3
                      00015 #DEFINE BOTAO_BAIXO PORTB, 4
                      00016 
                      00017 #DEFINE LED_CIMA PORTD, 0
                      00018 #DEFINE LED_BAIXO PORTD, 1
                      00019 #DEFINE LED_VALVULA PORTD, 2
                      00020 
                      00021 #DEFINE RECIP_CIMA RECIPIENTES_E_VALVULA, 0
                      00022 #DEFINE RECIP_BAIXO RECIPIENTES_E_VALVULA, 1
                      00023 #DEFINE VALVULA RECIPIENTES_E_VALVULA, 2
                      00024 
                      00025 ; 3.1 GERAIS
                      00026 
Warning[205]: Found directive in column 1. (CBLOCK)
                      00027 CBLOCK 0x80            ; ENDEREÇO INICIAL DA MEMÓRIA DE DADOS
  00000080            00028     FILTRO_BOT         ; VARIÁVEL FILTRO PARA O BOTÃO
  00000081            00029         FILTRO_BOT2
  00000082            00030     RECIPIENTES_E_VALVULA                  ; VARIÁVEL QUE ENGLOBA O ESTADO DOS RECIPIENTES E DA VALVULA
                      00031 
Warning[205]: Found directive in column 1. (ENDC)
                      00032 ENDC
                      00033 
                      00034 ; 3.2 CONSTANTES
                      00035 
  000000FF            00036 T_FILTRO EQU .255        ; CONSTANTE T_FILTRO COM 230 DECIMAL
  00000000            00037 ZERO EQU B'00000000'    ; CONSTANTE COM VALOR ZERO
                      00038 
                      00039 ; 4. VETOR DE RESET
Warning[205]: Found directive in column 1. (ORG)
000000                00040 ORG 0x00 
Warning[203]: Found opcode in column 1. (GOTO)
MPASM  5.46                      NAC2_EX2.ASM   5-2-2022  20:34:01         PAGE  2


LOC  OBJECT CODE     LINE SOURCE TEXT
  VALUE

000000 EF02 F000      00041 GOTO INICIO
                      00042 
                      00043 ; 5. INÍCIO DO PROGRAMA 
                      00044 ; CONFIGURAÇÕES INICIAIS (REGISTRADORES DE FUNÇÕES ;ESPECIAIS)
000004                00045 INICIO
000004 6A83           00046     CLRF PORTD             ; LIMPA PORTD (ESCREVE ZERO EM TODOS OS PINOS DO PORTD)
000006 6B82           00047         CLRF RECIPIENTES_E_VALVULA
                      00048 
000008 0E18           00049     MOVLW B'00011000'     ; MOVE O VALOR BINÁRIO PARA O REGISTRADOR WORK 
00000A 6E93           00050     MOVWF TRISB         ; DEFINE RB3 E RB4 COMO ENTRADA E DEMAIS COMO SAÍDA
00000C 0E00           00051     MOVLW B'00000000'     ; MOVE O VALOR BINÁRIO PARA O REGISTRADOR WORK
00000E 6E95           00052     MOVWF TRISD         ; DEFINE TODOS OS TERMINAIS DO PORTD COMO SAÍDA
                      00053         
000010 8083           00054         BSF LED_CIMA            ; DEFINE COMPARTIMENTO DE CIMA COMO CHEIO NO INICIO
000012 8182           00055         BSF RECIP_CIMA
                      00056         
000014 8283           00057         BSF LED_BAIXO           ; DEFINE COMPARTIMENTO DE BAIXO COMO CHEIO NO INICIO
000016 8382           00058         BSF RECIP_BAIXO
                      00059 
000018 9483           00060         BCF LED_VALVULA         ; DEFINE A VALVULA PARA NÃO FUNCIONAR NO INICIO
                      00061 
                      00062 ; 6. FUNÇÃO PRINCIPAL
00001A                00063 MAIN
00001A A182           00064         BTFSS RECIP_CIMA ;RECIPIENTE DE CIMA TEM AGUA?
00001C EF17 F000      00065         GOTO CIMA_SEM_AGUA;NÃO, RECIPIENTE SUPERIOR SEM AGUA
000020 EF1A F000      00066         GOTO CIMA_COM_AGUA;SIM,  RECIPIENTE SUPERIOR COM AGUA
Warning[207]: Found label after column 1. (TESTA_BAIXO)
000024                00067         TESTA_BAIXO;TESTAR BOTAO DO RECPIENTE INFERIOR
000024 B382           00068         BTFSC RECIP_BAIXO ;RECIPIENTE DE BAIXO TEM AGUA?
000026 EF20 F000      00069         GOTO BAIXO_COM_AGUA;SIM,RECIPIENTE INFERIOR COM AGUA
00002A EF1D F000      00070         GOTO BAIXO_SEM_AGUA;NÃO,RECIPIENTE INFERIOR SEM AGUA            
                      00071 
Warning[207]: Found label after column 1. (CIMA_SEM_AGUA)
00002E                00072         CIMA_SEM_AGUA
00002E 9083           00073         BCF LED_CIMA
                      00074         ;BCF RECIP_CIMA
000030 EF12 F000      00075         GOTO TESTA_BAIXO
                      00076 
Warning[207]: Found label after column 1. (CIMA_COM_AGUA)
000034                00077         CIMA_COM_AGUA
000034 8083           00078         BSF LED_CIMA
                      00079         ;BSF RECIP_CIMA
000036 EF12 F000      00080         GOTO TESTA_BAIXO
                      00081         
Warning[207]: Found label after column 1. (BAIXO_SEM_AGUA)
00003A                00082         BAIXO_SEM_AGUA
00003A 9283           00083         BCF LED_BAIXO
                      00084         ;BCF RECIP_BAIXO
00003C EF23 F000      00085         GOTO VERIFICA_VALVULA
                      00086 
Warning[207]: Found label after column 1. (BAIXO_COM_AGUA)
000040                00087         BAIXO_COM_AGUA
000040 8283           00088         BSF LED_BAIXO
MPASM  5.46                      NAC2_EX2.ASM   5-2-2022  20:34:01         PAGE  3


LOC  OBJECT CODE     LINE SOURCE TEXT
  VALUE

                      00089         ;BSF RECIP_BAIXO
000042 EF23 F000      00090         GOTO VERIFICA_VALVULA
                      00091 
Warning[207]: Found label after column 1. (VERIFICA_VALVULA)
000046                00092         VERIFICA_VALVULA; LIGA APENAS SE CIMA=1, BAIXO=0
000046 A182           00093         BTFSS RECIP_CIMA;RECIPIENTE DE CIMA ESTÁ CHEIO?
000048 EF2D F000      00094         GOTO DESLIGA_VALVULA;NÃO
                      00095         ;SIM
00004C B382           00096         BTFSC RECIP_BAIXO;RECIPIENTE DE BAIXO ESTA CHEIO?
00004E EF2D F000      00097         GOTO DESLIGA_VALVULA;SIM
                      00098         ;NÃO
Warning[207]: Found label after column 1. (LIGA_VALVULA)
000052                00099         LIGA_VALVULA    
000052 8582           00100         BSF VALVULA
000054 8483           00101         BSF LED_VALVULA
000056 EF31 F000      00102         GOTO TESTE_BOTOES
                      00103         
Warning[207]: Found label after column 1. (DESLIGA_VALVULA)
00005A                00104         DESLIGA_VALVULA
00005A 9582           00105         BCF VALVULA
00005C 9483           00106         BCF LED_VALVULA
00005E EF31 F000      00107         GOTO TESTE_BOTOES       
                      00108 
Warning[207]: Found label after column 1. (TESTE_BOTOES)
000062                00109         TESTE_BOTOES
000062 0EFF           00110         MOVLW T_FILTRO
000064 6F80           00111         MOVWF FILTRO_BOT
Warning[207]: Found label after column 1. (PRIMEIRO_BOTAO)
000066                00112         PRIMEIRO_BOTAO
000066 B681           00113         BTFSC BOTAO_CIMA;BOTAO DE CIMA ESTA PRESSIONADO?
000068 EF43 F000      00114         GOTO PROXIMO_BOTAO;NÃO ESTÁ PRESSIONADO
00006C 2F80           00115         DECFSZ FILTRO_BOT, 1;ESTÁ PRESSIOANDO
00006E EF33 F000      00116         GOTO PRIMEIRO_BOTAO
                      00117         ;REALMENTE ESTÁ PRESSIONADO
Warning[207]: Found label after column 1. (PRENDE_BOTAO)
000072                00118         PRENDE_BOTAO
000072 A681           00119         BTFSS BOTAO_CIMA;BOTAO DE CIMA ESTA PRESSIONADO?
000074 EF39 F000      00120         GOTO PRENDE_BOTAO;0 = SIM, CONTINUE TRAVADO
                      00121         ;1=NÃO, PODE CONTINUAR
000078 A182           00122         BTFSS RECIP_CIMA        
00007A EF42 F000      00123         GOTO CIMA_VAZIO
00007E 9182           00124         BCF RECIP_CIMA
000080 EF43 F000      00125         GOTO PROXIMO_BOTAO
Warning[207]: Found label after column 1. (CIMA_VAZIO)
000084                00126         CIMA_VAZIO
000084 8182           00127         BSF RECIP_CIMA
                      00128         
Warning[207]: Found label after column 1. (PROXIMO_BOTAO)
000086                00129         PROXIMO_BOTAO
000086 0EFF           00130         MOVLW T_FILTRO
000088 6F81           00131         MOVWF FILTRO_BOT2
Warning[207]: Found label after column 1. (SEGUNDO_FILTRO_BOT)
00008A                00132         SEGUNDO_FILTRO_BOT      
MPASM  5.46                      NAC2_EX2.ASM   5-2-2022  20:34:01         PAGE  4


LOC  OBJECT CODE     LINE SOURCE TEXT
  VALUE

00008A B881           00133         BTFSC BOTAO_BAIXO
00008C EF0D F000      00134         GOTO MAIN;NÃO ESTÁ PRESSIONADO
000090 2F81           00135         DECFSZ FILTRO_BOT2, 1;ESTÁ PRESSIOANDO
000092 EF45 F000      00136         GOTO SEGUNDO_FILTRO_BOT
                      00137         ;REALMENTE ESTÁ PRESSIONADO
Warning[207]: Found label after column 1. (PRENDE_BOTAO2)
000096                00138         PRENDE_BOTAO2
000096 A881           00139         BTFSS BOTAO_BAIXO;BOTAO DE BAIXO ESTA PRESSIONADO?
000098 EF4B F000      00140         GOTO PRENDE_BOTAO2;0 = SIM, CONTINUE TRAVADO
                      00141         ;1=NÃO, PODE CONTINUAR
00009C A382           00142         BTFSS RECIP_BAIXO
00009E EF54 F000      00143         GOTO BAIXO_VAZIO
0000A2 9382           00144         BCF RECIP_BAIXO
0000A4 EF0D F000      00145         GOTO MAIN
Warning[207]: Found label after column 1. (BAIXO_VAZIO)
0000A8                00146         BAIXO_VAZIO
0000A8 8382           00147         BSF RECIP_BAIXO
0000AA EF0D F000      00148         GOTO MAIN
Warning[205]: Found directive in column 1. (END)
                      00149 END
MPASM  5.46                      NAC2_EX2.ASM   5-2-2022  20:34:01         PAGE  5


SYMBOL TABLE
  LABEL                             VALUE 

A                                 00000000
ACCESS                            00000000
ACKDT                             00000005
ACKEN                             00000004
ACKSTAT                           00000006
ADCON0                            00000FC2
ADCON1                            00000FC1
ADCS0                             00000006
ADCS1                             00000007
ADCS2                             00000006
ADDEN                             00000003
ADFM                              00000007
ADIE                              00000006
ADIF                              00000006
ADIP                              00000006
ADON                              00000000
ADRES                             00000FC3
ADRESH                            00000FC4
ADRESL                            00000FC3
AN0                               00000000
AN1                               00000001
AN2                               00000002
AN3                               00000003
AN4                               00000005
AN5                               00000000
AN6                               00000001
AN7                               00000002
BAIXO_COM_AGUA                    00000040
BAIXO_SEM_AGUA                    0000003A
BAIXO_VAZIO                       000000A8
BANKED                            00000001
BCLIE                             00000003
BCLIF                             00000003
BCLIP                             00000003
BF                                00000000
BOR                               00000000
BOTAO_BAIXO                       PORTB, 4
BOTAO_CIMA                        PORTB, 3
BRGH                              00000002
BSR                               00000FE0
C                                 00000000
CCP1                              00000002
CCP1CON                           00000FBD
CCP1IE                            00000002
CCP1IF                            00000002
CCP1IP                            00000002
CCP1M0                            00000000
CCP1M1                            00000001
CCP1M2                            00000002
CCP1M3                            00000003
CCP1X                             00000005
CCP1Y                             00000004
CCP2A                             00000003
MPASM  5.46                      NAC2_EX2.ASM   5-2-2022  20:34:01         PAGE  6


SYMBOL TABLE
  LABEL                             VALUE 

CCP2CON                           00000FBA
CCP2IE                            00000000
CCP2IF                            00000000
CCP2IP                            00000000
CCP2M0                            00000000
CCP2M1                            00000001
CCP2M2                            00000002
CCP2M3                            00000003
CCP2X                             00000005
CCP2Y                             00000004
CCP2_DDRB                         00000003
CCP2_DDRC                         00000001
CCP2_PORTB                        00000003
CCP2_PORTC                        00000001
CCP2_TRISB                        00000003
CCP2_TRISC                        00000001
CCPR1                             00000FBE
CCPR1H                            00000FBF
CCPR1L                            00000FBE
CCPR2                             00000FBB
CCPR2H                            00000FBC
CCPR2L                            00000FBB
CFGS                              00000006
CHS0                              00000003
CHS1                              00000004
CHS2                              00000005
CIMA_COM_AGUA                     00000034
CIMA_SEM_AGUA                     0000002E
CIMA_VAZIO                        00000084
CK                                00000006
CKE                               00000006
CKP                               00000004
CLKO                              00000006
CREN                              00000004
CS                                00000002
CSRC                              00000007
D                                 00000005
DATA_ADDRESS                      00000005
DC                                00000001
DC1B0                             00000004
DC1B1                             00000005
DC2B0                             00000004
DC2B1                             00000005
DCCPX                             00000005
DDRA                              TRISA
DDRB                              TRISB
DDRC                              TRISC
DDRD                              TRISD
DDRE                              TRISE
DESLIGA_VALVULA                   0000005A
DONE                              00000002
D_A                               00000005
D_NOT_A                           00000005
MPASM  5.46                      NAC2_EX2.ASM   5-2-2022  20:34:01         PAGE  7


SYMBOL TABLE
  LABEL                             VALUE 

EEADR                             00000FA9
EECON1                            00000FA6
EECON2                            00000FA7
EEDATA                            00000FA8
EEIE                              00000004
EEIF                              00000004
EEIP                              00000004
EEPGD                             00000007
FAST                              00000001
FERR                              00000002
FILTRO_BOT                        00000080
FILTRO_BOT2                       00000081
FREE                              00000004
FSR0                              00000000
FSR0H                             00000FEA
FSR0L                             00000FE9
FSR1                              00000001
FSR1H                             00000FE2
FSR1L                             00000FE1
FSR2                              00000002
FSR2H                             00000FDA
FSR2L                             00000FD9
GCEN                              00000007
GIE                               00000007
GIEH                              00000007
GIEL                              00000006
GIE_GIEH                          00000007
GO                                00000002
GO_DONE                           00000002
GO_NOT_DONE                       00000002
I2C_DAT                           00000005
I2C_DATA                          00000005
I2C_READ                          00000002
I2C_START                         00000003
I2C_STOP                          00000004
IBF                               00000007
IBOV                              00000005
INDF0                             00000FEF
INDF1                             00000FE7
INDF2                             00000FDF
INICIO                            00000004
INT0                              00000000
INT0E                             00000004
INT0F                             00000001
INT0IE                            00000004
INT0IF                            00000001
INT1                              00000001
INT1E                             00000003
INT1F                             00000000
INT1IE                            00000003
INT1IF                            00000000
INT1IP                            00000006
INT1P                             00000006
MPASM  5.46                      NAC2_EX2.ASM   5-2-2022  20:34:01         PAGE  8


SYMBOL TABLE
  LABEL                             VALUE 

INT2                              00000002
INT2E                             00000004
INT2F                             00000001
INT2IE                            00000004
INT2IF                            00000001
INT2IP                            00000007
INT2P                             00000007
INTCON                            00000FF2
INTCON1                           00000FF2
INTCON2                           00000FF1
INTCON3                           00000FF0
INTEDG0                           00000006
INTEDG1                           00000005
INTEDG2                           00000004
IPEN                              00000007
IPR1                              00000F9F
IPR2                              00000FA2
IRVST                             00000005
LATA                              00000F89
LATA0                             00000000
LATA1                             00000001
LATA2                             00000002
LATA3                             00000003
LATA4                             00000004
LATA5                             00000005
LATA6                             00000006
LATB                              00000F8A
LATB0                             00000000
LATB1                             00000001
LATB2                             00000002
LATB3                             00000003
LATB4                             00000004
LATB5                             00000005
LATB6                             00000006
LATB7                             00000007
LATC                              00000F8B
LATC0                             00000000
LATC1                             00000001
LATC2                             00000002
LATC3                             00000003
LATC4                             00000004
LATC5                             00000005
LATC6                             00000006
LATC7                             00000007
LATD                              00000F8C
LATD0                             00000000
LATD1                             00000001
LATD2                             00000002
LATD3                             00000003
LATD4                             00000004
LATD5                             00000005
LATD6                             00000006
LATD7                             00000007
MPASM  5.46                      NAC2_EX2.ASM   5-2-2022  20:34:01         PAGE  9


SYMBOL TABLE
  LABEL                             VALUE 

LATE                              00000F8D
LATE0                             00000000
LATE1                             00000001
LATE2                             00000002
LED_BAIXO                         PORTD, 1
LED_CIMA                          PORTD, 0
LED_VALVULA                       PORTD, 2
LIGA_VALVULA                      00000052
LVDCON                            00000FD2
LVDEN                             00000004
LVDIE                             00000002
LVDIF                             00000002
LVDIN                             00000005
LVDIP                             00000002
LVDL0                             00000000
LVDL1                             00000001
LVDL2                             00000002
LVDL3                             00000003
MAIN                              0000001A
N                                 00000004
NOT_A                             00000005
NOT_ADDRESS                       00000005
NOT_BOR                           00000000
NOT_DONE                          00000002
NOT_IPEN                          00000007
NOT_PD                            00000002
NOT_POR                           00000001
NOT_RBPU                          00000007
NOT_RC8                           00000006
NOT_RI                            00000004
NOT_T1SYNC                        00000002
NOT_T3SYNC                        00000002
NOT_TO                            00000003
NOT_TX8                           00000006
NOT_W                             00000002
NOT_WRITE                         00000002
OBF                               00000006
OERR                              00000001
OSC2                              00000006
OSCCON                            00000FD3
OV                                00000003
P                                 00000004
PC                                00000FF9
PCFG0                             00000000
PCFG1                             00000001
PCFG2                             00000002
PCFG3                             00000003
PCL                               00000FF9
PCLATH                            00000FFA
PCLATU                            00000FFB
PD                                00000002
PEIE                              00000006
PEIE_GIEL                         00000006
MPASM  5.46                      NAC2_EX2.ASM   5-2-2022  20:34:01         PAGE 10


SYMBOL TABLE
  LABEL                             VALUE 

PEN                               00000002
PGC                               00000006
PGD                               00000007
PGM                               00000005
PIE1                              00000F9D
PIE2                              00000FA0
PIR1                              00000F9E
PIR2                              00000FA1
PLUSW0                            00000FEB
PLUSW1                            00000FE3
PLUSW2                            00000FDB
POR                               00000001
PORTA                             00000F80
PORTB                             00000F81
PORTC                             00000F82
PORTD                             00000F83
PORTE                             00000F84
POSTDEC0                          00000FED
POSTDEC1                          00000FE5
POSTDEC2                          00000FDD
POSTINC0                          00000FEE
POSTINC1                          00000FE6
POSTINC2                          00000FDE
PR2                               00000FCB
PREINC0                           00000FEC
PREINC1                           00000FE4
PREINC2                           00000FDC
PRENDE_BOTAO                      00000072
PRENDE_BOTAO2                     00000096
PRIMEIRO_BOTAO                    00000066
PROD                              00000FF3
PRODH                             00000FF4
PRODL                             00000FF3
PROXIMO_BOTAO                     00000086
PSA                               00000003
PSP0                              00000000
PSP1                              00000001
PSP2                              00000002
PSP3                              00000003
PSP4                              00000004
PSP5                              00000005
PSP6                              00000006
PSP7                              00000007
PSPIE                             00000007
PSPIF                             00000007
PSPIP                             00000007
PSPMODE                           00000004
R                                 00000002
RA0                               00000000
RA1                               00000001
RA2                               00000002
RA3                               00000003
RA4                               00000004
MPASM  5.46                      NAC2_EX2.ASM   5-2-2022  20:34:01         PAGE 11


SYMBOL TABLE
  LABEL                             VALUE 

RA5                               00000005
RA6                               00000006
RB0                               00000000
RB1                               00000001
RB2                               00000002
RB3                               00000003
RB4                               00000004
RB5                               00000005
RB6                               00000006
RB7                               00000007
RBIE                              00000003
RBIF                              00000000
RBIP                              00000000
RBPU                              00000007
RC0                               00000000
RC1                               00000001
RC2                               00000002
RC3                               00000003
RC4                               00000004
RC5                               00000005
RC6                               00000006
RC7                               00000007
RC8_9                             00000006
RC9                               00000006
RCD8                              00000000
RCEN                              00000003
RCIE                              00000005
RCIF                              00000005
RCIP                              00000005
RCON                              00000FD0
RCREG                             00000FAE
RCSTA                             00000FAB
RD                                00000000
RD0                               00000000
RD1                               00000001
RD16                              00000007
RD2                               00000002
RD3                               00000003
RD4                               00000004
RD5                               00000005
RD6                               00000006
RD7                               00000007
RE0                               00000000
RE1                               00000001
RE2                               00000002
READ_WRITE                        00000002
RECIPIENTES_E_VALVULA             00000082
RECIP_BAIXO                       RECIPIENTES_E_VALVULA, 1
RECIP_CIMA                        RECIPIENTES_E_VALVULA, 0
RI                                00000004
RSEN                              00000001
RX                                00000007
RX9                               00000006
MPASM  5.46                      NAC2_EX2.ASM   5-2-2022  20:34:01         PAGE 12


SYMBOL TABLE
  LABEL                             VALUE 

RX9D                              00000000
R_NOT_W                           00000002
R_W                               00000002
S                                 00000003
SCK                               00000003
SCL                               00000003
SCS                               00000000
SDA                               00000004
SDI                               00000004
SDO                               00000005
SEGUNDO_FILTRO_BOT                0000008A
SEN                               00000000
SMP                               00000007
SP0                               00000000
SP1                               00000001
SP2                               00000002
SP3                               00000003
SP4                               00000004
SPBRG                             00000FAF
SPEN                              00000007
SREN                              00000005
SS                                00000005
SSPADD                            00000FC8
SSPBUF                            00000FC9
SSPCON1                           00000FC6
SSPCON2                           00000FC5
SSPEN                             00000005
SSPIE                             00000003
SSPIF                             00000003
SSPIP                             00000003
SSPM0                             00000000
SSPM1                             00000001
SSPM2                             00000002
SSPM3                             00000003
SSPOV                             00000006
SSPSTAT                           00000FC7
STATUS                            00000FD8
STKFUL                            00000007
STKOVF                            00000007
STKPTR                            00000FFC
STKPTR0                           00000000
STKPTR1                           00000001
STKPTR2                           00000002
STKPTR3                           00000003
STKPTR4                           00000004
STKUNF                            00000006
SWDTE                             00000000
SWDTEN                            00000000
SYNC                              00000004
T08BIT                            00000006
T0CKI                             00000004
T0CON                             00000FD5
T0CS                              00000005
MPASM  5.46                      NAC2_EX2.ASM   5-2-2022  20:34:01         PAGE 13


SYMBOL TABLE
  LABEL                             VALUE 

T0IE                              00000005
T0IF                              00000002
T0IP                              00000002
T0PS0                             00000000
T0PS1                             00000001
T0PS2                             00000002
T0SE                              00000004
T1CKI                             00000000
T1CKPS0                           00000004
T1CKPS1                           00000005
T1CON                             00000FCD
T1INSYNC                          00000002
T1OSCEN                           00000003
T1OSI                             00000001
T1OSO                             00000000
T1SYNC                            00000002
T2CKPS0                           00000000
T2CKPS1                           00000001
T2CON                             00000FCA
T3CCP1                            00000003
T3CCP2                            00000006
T3CKPS0                           00000004
T3CKPS1                           00000005
T3CON                             00000FB1
T3INSYNC                          00000002
T3SYNC                            00000002
TABLAT                            00000FF5
TBLPTR                            00000FF6
TBLPTRH                           00000FF7
TBLPTRL                           00000FF6
TBLPTRU                           00000FF8
TESTA_BAIXO                       00000024
TESTE_BOTOES                      00000062
TMR0                              00000FD6
TMR0H                             00000FD7
TMR0IE                            00000005
TMR0IF                            00000002
TMR0IP                            00000002
TMR0L                             00000FD6
TMR0ON                            00000007
TMR1                              00000FCE
TMR1CS                            00000001
TMR1H                             00000FCF
TMR1IE                            00000000
TMR1IF                            00000000
TMR1IP                            00000000
TMR1L                             00000FCE
TMR1ON                            00000000
TMR2                              00000FCC
TMR2IE                            00000001
TMR2IF                            00000001
TMR2IP                            00000001
TMR2ON                            00000002
MPASM  5.46                      NAC2_EX2.ASM   5-2-2022  20:34:01         PAGE 14


SYMBOL TABLE
  LABEL                             VALUE 

TMR3                              00000FB2
TMR3CS                            00000001
TMR3H                             00000FB3
TMR3IE                            00000001
TMR3IF                            00000001
TMR3IP                            00000001
TMR3L                             00000FB2
TMR3ON                            00000000
TO                                00000003
TOS                               00000FFD
TOSH                              00000FFE
TOSL                              00000FFD
TOSU                              00000FFF
TOUTPS0                           00000003
TOUTPS1                           00000004
TOUTPS2                           00000005
TOUTPS3                           00000006
TRISA                             00000F92
TRISA0                            00000000
TRISA1                            00000001
TRISA2                            00000002
TRISA3                            00000003
TRISA4                            00000004
TRISA5                            00000005
TRISA6                            00000006
TRISB                             00000F93
TRISB0                            00000000
TRISB1                            00000001
TRISB2                            00000002
TRISB3                            00000003
TRISB4                            00000004
TRISB5                            00000005
TRISB6                            00000006
TRISB7                            00000007
TRISC                             00000F94
TRISC0                            00000000
TRISC1                            00000001
TRISC2                            00000002
TRISC3                            00000003
TRISC4                            00000004
TRISC5                            00000005
TRISC6                            00000006
TRISC7                            00000007
TRISD                             00000F95
TRISD0                            00000000
TRISD1                            00000001
TRISD2                            00000002
TRISD3                            00000003
TRISD4                            00000004
TRISD5                            00000005
TRISD6                            00000006
TRISD7                            00000007
TRISE                             00000F96
MPASM  5.46                      NAC2_EX2.ASM   5-2-2022  20:34:01         PAGE 15


SYMBOL TABLE
  LABEL                             VALUE 

TRISE0                            00000000
TRISE1                            00000001
TRISE2                            00000002
TRMT                              00000001
TX                                00000006
TX8_9                             00000006
TX9                               00000006
TX9D                              00000000
TXD8                              00000000
TXEN                              00000005
TXIE                              00000004
TXIF                              00000004
TXIP                              00000004
TXREG                             00000FAD
TXSTA                             00000FAC
T_FILTRO                          000000FF
UA                                00000001
VALVULA                           RECIPIENTES_E_VALVULA, 2
VERIFICA_VALVULA                  00000046
VREFM                             00000002
VREFP                             00000003
W                                 00000000
WCOL                              00000007
WDTCON                            00000FD1
WR                                00000001
WREG                              00000FE8
WREN                              00000002
WRERR                             00000003
Z                                 00000002
ZERO                              00000000
_BORV_20                          000000FF
_BORV_20_2L                       000000FF
_BORV_27_2L                       000000FB
_BORV_42_2L                       000000F7
_BORV_45_2L                       000000F3
_BOR_OFF_2L                       000000FD
_BOR_ON_2L                        000000FF
_CCP2MX_OFF                       000000FE
_CCP2MX_OFF_3H                    000000FE
_CCP2MX_ON                        000000FF
_CCP2MX_ON_3H                     000000FF
_CONFIG1H                         00300001
_CONFIG2H                         00300003
_CONFIG2L                         00300002
_CONFIG3H                         00300005
_CONFIG4L                         00300006
_CONFIG5H                         00300009
_CONFIG5L                         00300008
_CONFIG6H                         0030000B
_CONFIG6L                         0030000A
_CONFIG7H                         0030000D
_CONFIG7L                         0030000C
_CP0_OFF_5L                       000000FF
MPASM  5.46                      NAC2_EX2.ASM   5-2-2022  20:34:01         PAGE 16


SYMBOL TABLE
  LABEL                             VALUE 

_CP0_ON_5L                        000000FE
_CP1_OFF_5L                       000000FF
_CP1_ON_5L                        000000FD
_CP2_OFF_5L                       000000FF
_CP2_ON_5L                        000000FB
_CP3_OFF_5L                       000000FF
_CP3_ON_5L                        000000F7
_CPB_OFF_5H                       000000FF
_CPB_ON_5H                        000000BF
_CPD_OFF_5H                       000000FF
_CPD_ON_5H                        0000007F
_DEBUG_OFF_4L                     000000FF
_DEBUG_ON_4L                      0000007F
_DEVID1                           003FFFFE
_DEVID2                           003FFFFF
_EBTR0_OFF_7L                     000000FF
_EBTR0_ON_7L                      000000FE
_EBTR1_OFF_7L                     000000FF
_EBTR1_ON_7L                      000000FD
_EBTR2_OFF_7L                     000000FF
_EBTR2_ON_7L                      000000FB
_EBTR3_OFF_7L                     000000FF
_EBTR3_ON_7L                      000000F7
_EBTRB_OFF_7H                     000000FF
_EBTRB_ON_7H                      000000BF
_ECIO_OSC                         000000FD
_ECIO_OSC_1H                      000000FD
_EC_OSC                           000000FC
_EC_OSC_1H                        000000FC
_HSPLL_OSC                        000000FE
_HSPLL_OSC_1H                     000000FE
_HS_OSC                           000000FA
_HS_OSC_1H                        000000FA
_IDLOC0                           00200000
_IDLOC1                           00200001
_IDLOC2                           00200002
_IDLOC3                           00200003
_IDLOC4                           00200004
_IDLOC5                           00200005
_IDLOC6                           00200006
_IDLOC7                           00200007
_LP_OSC                           000000F8
_LP_OSC_1H                        000000F8
_LVP_OFF_4L                       000000FB
_LVP_ON_4L                        000000FF
_OSCS_OFF_1H                      000000FF
_OSCS_ON_1H                       000000DF
_PWRT_OFF_2L                      000000FF
_PWRT_ON_2L                       000000FE
_RCIO_OSC                         000000FF
_RCIO_OSC_1H                      000000FF
_RC_OSC                           000000FB
_RC_OSC_1H                        000000FB
MPASM  5.46                      NAC2_EX2.ASM   5-2-2022  20:34:01         PAGE 17


SYMBOL TABLE
  LABEL                             VALUE 

_STVR_OFF_4L                      000000FE
_STVR_ON_4L                       000000FF
_WDTPS_128_2H                     000000FF
_WDTPS_16_2H                      000000F9
_WDTPS_1_2H                       000000F1
_WDTPS_2_2H                       000000F3
_WDTPS_32_2H                      000000FB
_WDTPS_4_2H                       000000F5
_WDTPS_64_2H                      000000FD
_WDTPS_8_2H                       000000F7
_WDT_OFF_2H                       000000FE
_WDT_ON_2H                        000000FF
_WRT0_OFF_6L                      000000FF
_WRT0_ON_6L                       000000FE
_WRT1_OFF_6L                      000000FF
_WRT1_ON_6L                       000000FD
_WRT2_OFF_6L                      000000FF
_WRT2_ON_6L                       000000FB
_WRT3_OFF_6L                      000000FF
_WRT3_ON_6L                       000000F7
_WRTB_OFF_6H                      000000FF
_WRTB_ON_6H                       000000BF
_WRTC_OFF_6H                      000000FF
_WRTC_ON_6H                       000000DF
_WRTD_OFF_6H                      000000FF
_WRTD_ON_6H                       0000007F
_XT_OSC                           000000F9
_XT_OSC_1H                        000000F9
__18F452                          00000001
__DEBUG                           1


MEMORY USAGE MAP ('X' = Used,  '-' = Unused)

0000 : XXXXXXXXXXXXXXXX XXXXXXXXXXXXXXXX XXXXXXXXXXXXXXXX XXXXXXXXXXXXXXXX
0040 : XXXXXXXXXXXXXXXX XXXXXXXXXXXXXXXX XXXXXXXXXXXXXXXX XXXXXXXXXXXXXXXX
0080 : XXXXXXXXXXXXXXXX XXXXXXXXXXXXXXXX XXXXXXXXXXXXXX-- ----------------

All other memory blocks unused.

Program Memory Bytes Used:   174
Program Memory Bytes Free: 32594


Errors   :     0
Warnings :    21 reported,     0 suppressed
Messages :     0 reported,     0 suppressed

